<?xml version="1.0" encoding="UTF-8"?>
<!-- Generated by org.testng.reporters.JUnitXMLReporter -->
<testsuite ignored="0" hostname="Sudhish-Thulaseedharan" failures="1" tests="1" name="homePageTest" time="11.637" errors="0" timestamp="2024-09-14T18:24:25 IST">
  <testcase classname="testscript.Home_Page_Test" name="verify_User_Login_Date" time="0.002">
    <failure type="java.lang.Error" message="Unresolved compilation problems: 
	Syntax error, insert &amp;quot;:: IdentifierOrNew&amp;quot; to complete ReferenceExpression
	Syntax error, insert &amp;quot;;&amp;quot; to complete LocalVariableDeclarationStatement
	String cannot be resolved to a variable
	Syntax error, insert &amp;quot;VariableDeclarators&amp;quot; to complete LocalVariableDeclaration
	Syntax error, insert &amp;quot;;&amp;quot; to complete LocalVariableDeclarationStatement
	current_date cannot be resolved
">
      <![CDATA[java.lang.Error: Unresolved compilation problems: 
Syntax error, insert ":: IdentifierOrNew" to complete ReferenceExpression
Syntax error, insert ";" to complete LocalVariableDeclarationStatement
String cannot be resolved to a variable
Syntax error, insert "VariableDeclarators" to complete LocalVariableDeclaration
Syntax error, insert ";" to complete LocalVariableDeclarationStatement
current_date cannot be resolved

at testscript.Home_Page_Test.verify_User_Login_Date(Home_Page_Test.java:31)
at java.base/java.util.ArrayList.forEach(ArrayList.java:1597)
... Removed 25 stack frames]]>
    </failure>
  </testcase> <!-- verify_User_Login_Date -->
</testsuite> <!-- homePageTest -->
