<?xml version="1.0" encoding="UTF-8"?>
<!-- Generated by org.testng.reporters.JUnitXMLReporter -->
<testsuite ignored="0" hostname="Sudhish-Thulaseedharan" failures="0" tests="4" name="loginPageTest" time="45.658" errors="0" timestamp="2024-09-14T18:24:13 IST">
  <testcase classname="testscript.Login_Page_Test" name="verify_Loginwith_Valid_Credentials" time="4.526"/>
  <testcase classname="testscript.Login_Page_Test" name="verify_Errormessage_While_Loginwith_Invalid_Credentials" time="1.221"/>
  <testcase classname="testscript.Login_Page_Test" name="verify_Errormessage_While_Loginwith_Invalid_Credentials" time="2.397"/>
  <testcase classname="testscript.Login_Page_Test" name="verify_Errormessage_While_Loginwith_Invalid_Credentials" time="1.539"/>
</testsuite> <!-- loginPageTest -->
