<?xml version="1.0" encoding="UTF-8"?>
<!-- Generated by org.testng.reporters.JUnitXMLReporter -->
<testsuite ignored="6" hostname="Sudhish-Thulaseedharan" failures="0" tests="1" name="Test" time="13.392" errors="0" timestamp="2024-09-18T00:31:39 IST">
  <testcase classname="testscript.Login_Page_Test" name="verify_Loginwith_Valid_Credentials" time="4.478"/>
  <testcase classname="testscript.Login_Page_Test" name="verify_Errormessage_While_Loginwith_Invalid_Credentials" time="0.0">
    <ignored/>
  </testcase> <!-- verify_Errormessage_While_Loginwith_Invalid_Credentials -->
  <testcase classname="testscript.Reset_Page_Test" name="verify_Password_Resetwith_Valid_Emailaddress" time="0.0">
    <ignored/>
  </testcase> <!-- verify_Password_Resetwith_Valid_Emailaddress -->
  <testcase classname="testscript.Add_User_Page_Test" name="verify_Add_User" time="0.0">
    <ignored/>
  </testcase> <!-- verify_Add_User -->
  <testcase classname="testscript.Add_User_Page_Test" name="verify_User_Loginwith_Newly_Added_User" time="0.0">
    <ignored/>
  </testcase> <!-- verify_User_Loginwith_Newly_Added_User -->
  <testcase classname="testscript.Reset_Page_Test" name="verify_Errormessage_With_Invalid_Emailaddress" time="0.0">
    <ignored/>
  </testcase> <!-- verify_Errormessage_With_Invalid_Emailaddress -->
  <testcase classname="testscript.Home_Page_Test" name="verify_User_Login_Date" time="0.0">
    <ignored/>
  </testcase> <!-- verify_User_Login_Date -->
</testsuite> <!-- Test -->
