<?xml version="1.0" encoding="UTF-8"?>
<!-- Generated by org.testng.reporters.JUnitXMLReporter -->
<testsuite ignored="1" hostname="Sudhish-Thulaseedharan" failures="0" tests="1" name="Default test" time="16.293" errors="0" timestamp="2024-09-18T00:21:43 IST">
  <testcase classname="testscript.Login_Page_Test" name="verify_Loginwith_Valid_Credentials" time="4.108"/>
  <testcase classname="testscript.Login_Page_Test" name="verify_Errormessage_While_Loginwith_Invalid_Credentials" time="0.0">
    <ignored/>
  </testcase> <!-- verify_Errormessage_While_Loginwith_Invalid_Credentials -->
</testsuite> <!-- Default test -->
